<?xml version="1.0" encoding="UTF-8"?>
<!-- Generated by org.testng.reporters.JUnitReportReporter -->
<testsuite hostname="SHIVANAND-JADHA" failures="0" tests="2" name="com.qa.mwp.tests.LabelerPageTest" time="0.300" errors="0" timestamp="2024-09-01T21:12:15 IST" skipped="0">
  <testcase classname="com.qa.mwp.tests.LabelerPageTest" name="homePageURLTest" time="0.003"/>
  <testcase classname="com.qa.mwp.tests.LabelerPageTest" name="homePageTitleTest" time="0.297"/>
</testsuite> <!-- com.qa.mwp.tests.LabelerPageTest -->
