<?xml version="1.0" encoding="UTF-8"?>
<!-- Generated by org.testng.reporters.JUnitReportReporter -->
<testsuite hostname="SHIVANAND-JADHA" failures="0" tests="2" name="com.qa.opencart.tests.HomePageTest" time="3.043" errors="0" timestamp="2024-08-25T10:36:53 IST" skipped="0">
  <testcase classname="com.qa.opencart.tests.HomePageTest" name="homePageURLTest" time="0.003"/>
  <testcase classname="com.qa.opencart.tests.HomePageTest" name="homePageTitleTest" time="3.040"/>
</testsuite> <!-- com.qa.opencart.tests.HomePageTest -->
