<?xml version="1.0" encoding="UTF-8"?>
<!-- Generated by org.testng.reporters.JUnitReportReporter -->
<testsuite hostname="SHIVANAND-JADHA" failures="0" tests="2" name="com.qa.opencart.tests.LabelerPageTest" time="2.665" errors="0" timestamp="2024-08-25T10:54:26 IST" skipped="0">
  <testcase classname="com.qa.opencart.tests.LabelerPageTest" name="homePageTitleTest" time="2.660"/>
  <testcase classname="com.qa.opencart.tests.LabelerPageTest" name="homePageURLTest" time="0.005"/>
</testsuite> <!-- com.qa.opencart.tests.LabelerPageTest -->
