<?xml version="1.0" encoding="UTF-8"?>
<!-- Generated by org.testng.reporters.JUnitReportReporter -->
<testsuite hostname="SHIVANAND-JADHA" failures="0" tests="2" name="com.qa.opencart.tests.LoginPageTest" time="17.342" errors="0" timestamp="2024-08-25T10:54:26 IST" skipped="0">
  <testcase classname="com.qa.opencart.tests.LoginPageTest" name="loginPageNavigationTest" time="6.161"/>
  <testcase classname="com.qa.opencart.tests.LoginPageTest" name="appLoginTest" time="11.181"/>
</testsuite> <!-- com.qa.opencart.tests.LoginPageTest -->
