<?xml version="1.0" encoding="UTF-8"?>
<!-- Generated by org.testng.reporters.JUnitReportReporter -->
<testsuite hostname="SHIVANAND-JADHA" failures="0" tests="1" name="com.qa.mwp.tests.UserPageTest" time="7.376" errors="0" timestamp="2024-09-01T21:12:15 IST" skipped="0">
  <testcase classname="com.qa.mwp.tests.UserPageTest" name="AddSingleProductTest" time="7.376"/>
</testsuite> <!-- com.qa.mwp.tests.UserPageTest -->
