<?xml version="1.0" encoding="UTF-8"?>
<!-- Generated by org.testng.reporters.JUnitReportReporter -->
<testsuite hostname="SHIVANAND-JADHA" failures="0" tests="2" name="com.qa.mwp.tests.LoginPageTest" time="16.449" errors="0" timestamp="2024-08-25T19:57:01 IST" skipped="0">
  <testcase classname="com.qa.mwp.tests.LoginPageTest" name="loginPageNavigationTest" time="5.860"/>
  <testcase classname="com.qa.mwp.tests.LoginPageTest" name="appLoginTest" time="10.589"/>
</testsuite> <!-- com.qa.mwp.tests.LoginPageTest -->
